<?xml version="1.0" encoding="UTF-8"?>
<!-- Generated by org.testng.reporters.JUnitXMLReporter -->
<testsuite ignored="4" hostname="DESKTOP-B659M31" failures="0" tests="1" name="Default test" time="5.331" errors="0" timestamp="2024-10-07T23:35:23 IST">
  <testcase classname="api.tst.ApiTests" name="testGetAllUser" time="4.381"/>
  <testcase classname="api.tst.ApiTests" name="testDeleteUser" time="0.0">
    <ignored/>
  </testcase> <!-- testDeleteUser -->
  <testcase classname="api.tst.ApiTests" name="testCreateUser" time="0.0">
    <ignored/>
  </testcase> <!-- testCreateUser -->
  <testcase classname="api.tst.ApiTests" name="testUpdateUser" time="0.0">
    <ignored/>
  </testcase> <!-- testUpdateUser -->
  <testcase classname="api.tst.ApiTests" name="testGetUser" time="0.0">
    <ignored/>
  </testcase> <!-- testGetUser -->
</testsuite> <!-- Default test -->
