<?xml version="1.0" encoding="UTF-8"?>
<testng-results ignored="0" total="1" passed="1" failed="0" skipped="0">
  <reporter-output>
  </reporter-output>
  <suite started-at="2024-10-07T23:35:17 IST" name="Default suite" finished-at="2024-10-07T23:35:23 IST" duration-ms="5331">
    <groups>
    </groups>
    <test started-at="2024-10-07T23:35:17 IST" name="Default test" finished-at="2024-10-07T23:35:23 IST" duration-ms="5331">
      <class name="api.tst.ApiTests">
        <test-method is-config="true" signature="setup()[pri:0, instance:api.tst.ApiTests@7f485fda]" started-at="2024-10-07T23:35:17 IST" name="setup" finished-at="2024-10-07T23:35:18 IST" duration-ms="857" status="PASS">
          <reporter-output>
          </reporter-output>
        </test-method> <!-- setup -->
        <test-method signature="testGetAllUser()[pri:0, instance:api.tst.ApiTests@7f485fda]" started-at="2024-10-07T23:35:18 IST" name="testGetAllUser" finished-at="2024-10-07T23:35:23 IST" duration-ms="4381" status="PASS">
          <reporter-output>
          </reporter-output>
        </test-method> <!-- testGetAllUser -->
      </class> <!-- api.tst.ApiTests -->
    </test> <!-- Default test -->
  </suite> <!-- Default suite -->
</testng-results>
